The MPI test test_mpi for C in mode normal failed to compile with the following output:
Change Dir: C:/Users/Maksim/CLionProjects/lab1/cmake-build-debug/CMakeFiles/CMakeTmp

Run Build Command(s):C:/Program Files/JetBrains/CLion 2021.3.3/bin/ninja/win/ninja.exe cmTC_9f416 && [1/2] Building C object CMakeFiles/cmTC_9f416.dir/test_mpi.c.obj
FAILED: CMakeFiles/cmTC_9f416.dir/test_mpi.c.obj 
C:\PROGRA~1\JETBRA~1\CLION2~1.3\bin\mingw\bin\gcc.exe    -o CMakeFiles/cmTC_9f416.dir/test_mpi.c.obj -c "C:/Program Files/JetBrains/CLion 2021.3.3/bin/cmake/win/share/cmake-3.21/Modules/FindMPI/test_mpi.c"
C:/Program Files/JetBrains/CLion 2021.3.3/bin/cmake/win/share/cmake-3.21/Modules/FindMPI/test_mpi.c:1:10: fatal error: mpi.h: No such file or directory
    1 | #include <mpi.h>
      |          ^~~~~~~
compilation terminated.
ninja: build stopped: subcommand failed.



The MPI test test_mpi for CXX in mode normal failed to compile with the following output:
Change Dir: C:/Users/Maksim/CLionProjects/lab1/cmake-build-debug/CMakeFiles/CMakeTmp

Run Build Command(s):C:/Program Files/JetBrains/CLion 2021.3.3/bin/ninja/win/ninja.exe cmTC_bf6a8 && [1/2] Building CXX object CMakeFiles/cmTC_bf6a8.dir/test_mpi.cpp.obj
FAILED: CMakeFiles/cmTC_bf6a8.dir/test_mpi.cpp.obj 
C:\PROGRA~1\JETBRA~1\CLION2~1.3\bin\mingw\bin\G__~1.EXE   -std=gnu++14 -o CMakeFiles/cmTC_bf6a8.dir/test_mpi.cpp.obj -c C:/Users/Maksim/CLionProjects/lab1/cmake-build-debug/CMakeFiles/FindMPI/test_mpi.cpp
C:/Users/Maksim/CLionProjects/lab1/cmake-build-debug/CMakeFiles/FindMPI/test_mpi.cpp:1:10: fatal error: mpi.h: No such file or directory
    1 | #include <mpi.h>
      |          ^~~~~~~
compilation terminated.
ninja: build stopped: subcommand failed.



The MPI test test_mpi for C in mode normal failed to compile with the following output:
Change Dir: C:/Users/Maksim/CLionProjects/lab1/cmake-build-debug/CMakeFiles/CMakeTmp

Run Build Command(s):C:/Program Files/JetBrains/CLion 2021.3.3/bin/ninja/win/ninja.exe cmTC_e3dc8 && [1/2] Building C object CMakeFiles/cmTC_e3dc8.dir/test_mpi.c.obj
FAILED: CMakeFiles/cmTC_e3dc8.dir/test_mpi.c.obj 
C:\PROGRA~1\JETBRA~1\CLION2~1.3\bin\mingw\bin\gcc.exe    -o CMakeFiles/cmTC_e3dc8.dir/test_mpi.c.obj -c "C:/Program Files/JetBrains/CLion 2021.3.3/bin/cmake/win/share/cmake-3.21/Modules/FindMPI/test_mpi.c"
C:/Program Files/JetBrains/CLion 2021.3.3/bin/cmake/win/share/cmake-3.21/Modules/FindMPI/test_mpi.c:1:10: fatal error: mpi.h: No such file or directory
    1 | #include <mpi.h>
      |          ^~~~~~~
compilation terminated.
ninja: build stopped: subcommand failed.



The MPI test test_mpi for CXX in mode normal failed to compile with the following output:
Change Dir: C:/Users/Maksim/CLionProjects/lab1/cmake-build-debug/CMakeFiles/CMakeTmp

Run Build Command(s):C:/Program Files/JetBrains/CLion 2021.3.3/bin/ninja/win/ninja.exe cmTC_50c0c && [1/2] Building CXX object CMakeFiles/cmTC_50c0c.dir/test_mpi.cpp.obj
FAILED: CMakeFiles/cmTC_50c0c.dir/test_mpi.cpp.obj 
C:\PROGRA~1\JETBRA~1\CLION2~1.3\bin\mingw\bin\G__~1.EXE   -std=gnu++14 -o CMakeFiles/cmTC_50c0c.dir/test_mpi.cpp.obj -c C:/Users/Maksim/CLionProjects/lab1/cmake-build-debug/CMakeFiles/FindMPI/test_mpi.cpp
C:/Users/Maksim/CLionProjects/lab1/cmake-build-debug/CMakeFiles/FindMPI/test_mpi.cpp:1:10: fatal error: mpi.h: No such file or directory
    1 | #include <mpi.h>
      |          ^~~~~~~
compilation terminated.
ninja: build stopped: subcommand failed.



The MPI test test_mpi for C in mode normal failed to compile with the following output:
Change Dir: C:/Users/Maksim/CLionProjects/lab1/cmake-build-debug/CMakeFiles/CMakeTmp

Run Build Command(s):C:/Program Files/JetBrains/CLion 2021.3.3/bin/ninja/win/ninja.exe cmTC_2e7b8 && [1/2] Building C object CMakeFiles/cmTC_2e7b8.dir/test_mpi.c.obj
FAILED: CMakeFiles/cmTC_2e7b8.dir/test_mpi.c.obj 
C:\PROGRA~1\JETBRA~1\CLION2~1.3\bin\mingw\bin\gcc.exe    -o CMakeFiles/cmTC_2e7b8.dir/test_mpi.c.obj -c "C:/Program Files/JetBrains/CLion 2021.3.3/bin/cmake/win/share/cmake-3.21/Modules/FindMPI/test_mpi.c"
C:/Program Files/JetBrains/CLion 2021.3.3/bin/cmake/win/share/cmake-3.21/Modules/FindMPI/test_mpi.c:1:10: fatal error: mpi.h: No such file or directory
    1 | #include <mpi.h>
      |          ^~~~~~~
compilation terminated.
ninja: build stopped: subcommand failed.



The MPI test test_mpi for CXX in mode normal failed to compile with the following output:
Change Dir: C:/Users/Maksim/CLionProjects/lab1/cmake-build-debug/CMakeFiles/CMakeTmp

Run Build Command(s):C:/Program Files/JetBrains/CLion 2021.3.3/bin/ninja/win/ninja.exe cmTC_e8201 && [1/2] Building CXX object CMakeFiles/cmTC_e8201.dir/test_mpi.cpp.obj
FAILED: CMakeFiles/cmTC_e8201.dir/test_mpi.cpp.obj 
C:\PROGRA~1\JETBRA~1\CLION2~1.3\bin\mingw\bin\G__~1.EXE   -std=gnu++14 -o CMakeFiles/cmTC_e8201.dir/test_mpi.cpp.obj -c C:/Users/Maksim/CLionProjects/lab1/cmake-build-debug/CMakeFiles/FindMPI/test_mpi.cpp
C:/Users/Maksim/CLionProjects/lab1/cmake-build-debug/CMakeFiles/FindMPI/test_mpi.cpp:1:10: fatal error: mpi.h: No such file or directory
    1 | #include <mpi.h>
      |          ^~~~~~~
compilation terminated.
ninja: build stopped: subcommand failed.



The MPI test test_mpi for C in mode normal failed to compile with the following output:
Change Dir: C:/Users/Maksim/CLionProjects/lab1/cmake-build-debug/CMakeFiles/CMakeTmp

Run Build Command(s):C:/PROGRA~1/JETBRA~1/CLION2~1.3/bin/ninja/win/ninja.exe cmTC_ec27e && [1/2] Building C object CMakeFiles/cmTC_ec27e.dir/test_mpi.c.obj
[31mFAILED: [0mCMakeFiles/cmTC_ec27e.dir/test_mpi.c.obj 
C:\PROGRA~1\JETBRA~1\CLION2~1.3\bin\mingw\bin\gcc.exe    -o CMakeFiles/cmTC_ec27e.dir/test_mpi.c.obj -c "C:/Program Files/JetBrains/CLion 2021.3.3/bin/cmake/win/share/cmake-3.21/Modules/FindMPI/test_mpi.c"
C:/Program Files/JetBrains/CLion 2021.3.3/bin/cmake/win/share/cmake-3.21/Modules/FindMPI/test_mpi.c:1:10: fatal error: mpi.h: No such file or directory
    1 | #include <mpi.h>
      |          ^~~~~~~
compilation terminated.
ninja: build stopped: subcommand failed.



The MPI test test_mpi for CXX in mode normal failed to compile with the following output:
Change Dir: C:/Users/Maksim/CLionProjects/lab1/cmake-build-debug/CMakeFiles/CMakeTmp

Run Build Command(s):C:/PROGRA~1/JETBRA~1/CLION2~1.3/bin/ninja/win/ninja.exe cmTC_8ec4b && [1/2] Building CXX object CMakeFiles/cmTC_8ec4b.dir/test_mpi.cpp.obj
[31mFAILED: [0mCMakeFiles/cmTC_8ec4b.dir/test_mpi.cpp.obj 
C:\PROGRA~1\JETBRA~1\CLION2~1.3\bin\mingw\bin\G__~1.EXE   -std=gnu++14 -o CMakeFiles/cmTC_8ec4b.dir/test_mpi.cpp.obj -c C:/Users/Maksim/CLionProjects/lab1/cmake-build-debug/CMakeFiles/FindMPI/test_mpi.cpp
C:/Users/Maksim/CLionProjects/lab1/cmake-build-debug/CMakeFiles/FindMPI/test_mpi.cpp:1:10: fatal error: mpi.h: No such file or directory
    1 | #include <mpi.h>
      |          ^~~~~~~
compilation terminated.
ninja: build stopped: subcommand failed.



The MPI test test_mpi for C in mode normal failed to compile with the following output:
Change Dir: C:/Users/Maksim/CLionProjects/lab1/cmake-build-debug/CMakeFiles/CMakeTmp

Run Build Command(s):C:/Program Files/JetBrains/CLion 2021.3.3/bin/ninja/win/ninja.exe cmTC_3479e && [1/2] Building C object CMakeFiles/cmTC_3479e.dir/test_mpi.c.obj
FAILED: CMakeFiles/cmTC_3479e.dir/test_mpi.c.obj 
C:\PROGRA~1\JETBRA~1\CLION2~1.3\bin\mingw\bin\gcc.exe    -o CMakeFiles/cmTC_3479e.dir/test_mpi.c.obj -c "C:/Program Files/JetBrains/CLion 2021.3.3/bin/cmake/win/share/cmake-3.21/Modules/FindMPI/test_mpi.c"
C:/Program Files/JetBrains/CLion 2021.3.3/bin/cmake/win/share/cmake-3.21/Modules/FindMPI/test_mpi.c:1:10: fatal error: mpi.h: No such file or directory
    1 | #include <mpi.h>
      |          ^~~~~~~
compilation terminated.
ninja: build stopped: subcommand failed.



The MPI test test_mpi for CXX in mode normal failed to compile with the following output:
Change Dir: C:/Users/Maksim/CLionProjects/lab1/cmake-build-debug/CMakeFiles/CMakeTmp

Run Build Command(s):C:/Program Files/JetBrains/CLion 2021.3.3/bin/ninja/win/ninja.exe cmTC_5034f && [1/2] Building CXX object CMakeFiles/cmTC_5034f.dir/test_mpi.cpp.obj
FAILED: CMakeFiles/cmTC_5034f.dir/test_mpi.cpp.obj 
C:\PROGRA~1\JETBRA~1\CLION2~1.3\bin\mingw\bin\G__~1.EXE   -std=gnu++14 -o CMakeFiles/cmTC_5034f.dir/test_mpi.cpp.obj -c C:/Users/Maksim/CLionProjects/lab1/cmake-build-debug/CMakeFiles/FindMPI/test_mpi.cpp
C:/Users/Maksim/CLionProjects/lab1/cmake-build-debug/CMakeFiles/FindMPI/test_mpi.cpp:1:10: fatal error: mpi.h: No such file or directory
    1 | #include <mpi.h>
      |          ^~~~~~~
compilation terminated.
ninja: build stopped: subcommand failed.



The MPI test test_mpi for C in mode normal failed to compile with the following output:
Change Dir: C:/Users/Maksim/CLionProjects/lab1/cmake-build-debug/CMakeFiles/CMakeTmp

Run Build Command(s):C:/PROGRA~1/JETBRA~1/CLION2~1.3/bin/ninja/win/ninja.exe cmTC_e6472 && [1/2] Building C object CMakeFiles/cmTC_e6472.dir/test_mpi.c.obj
[31mFAILED: [0mCMakeFiles/cmTC_e6472.dir/test_mpi.c.obj 
C:\PROGRA~1\JETBRA~1\CLION2~1.3\bin\mingw\bin\gcc.exe    -o CMakeFiles/cmTC_e6472.dir/test_mpi.c.obj -c "C:/Program Files/JetBrains/CLion 2021.3.3/bin/cmake/win/share/cmake-3.21/Modules/FindMPI/test_mpi.c"
C:/Program Files/JetBrains/CLion 2021.3.3/bin/cmake/win/share/cmake-3.21/Modules/FindMPI/test_mpi.c:1:10: fatal error: mpi.h: No such file or directory
    1 | #include <mpi.h>
      |          ^~~~~~~
compilation terminated.
ninja: build stopped: subcommand failed.



The MPI test test_mpi for CXX in mode normal failed to compile with the following output:
Change Dir: C:/Users/Maksim/CLionProjects/lab1/cmake-build-debug/CMakeFiles/CMakeTmp

Run Build Command(s):C:/PROGRA~1/JETBRA~1/CLION2~1.3/bin/ninja/win/ninja.exe cmTC_875e1 && [1/2] Building CXX object CMakeFiles/cmTC_875e1.dir/test_mpi.cpp.obj
[31mFAILED: [0mCMakeFiles/cmTC_875e1.dir/test_mpi.cpp.obj 
C:\PROGRA~1\JETBRA~1\CLION2~1.3\bin\mingw\bin\G__~1.EXE   -std=gnu++14 -o CMakeFiles/cmTC_875e1.dir/test_mpi.cpp.obj -c C:/Users/Maksim/CLionProjects/lab1/cmake-build-debug/CMakeFiles/FindMPI/test_mpi.cpp
C:/Users/Maksim/CLionProjects/lab1/cmake-build-debug/CMakeFiles/FindMPI/test_mpi.cpp:1:10: fatal error: mpi.h: No such file or directory
    1 | #include <mpi.h>
      |          ^~~~~~~
compilation terminated.
ninja: build stopped: subcommand failed.



The MPI test test_mpi for C in mode normal failed to compile with the following output:
Change Dir: C:/Users/Maksim/CLionProjects/lab1/cmake-build-debug/CMakeFiles/CMakeTmp

Run Build Command(s):C:/PROGRA~1/JETBRA~1/CLION2~1.3/bin/ninja/win/ninja.exe cmTC_108b4 && [1/2] Building C object CMakeFiles/cmTC_108b4.dir/test_mpi.c.obj
[31mFAILED: [0mCMakeFiles/cmTC_108b4.dir/test_mpi.c.obj 
C:\PROGRA~1\JETBRA~1\CLION2~1.3\bin\mingw\bin\gcc.exe    -o CMakeFiles/cmTC_108b4.dir/test_mpi.c.obj -c "C:/Program Files/JetBrains/CLion 2021.3.3/bin/cmake/win/share/cmake-3.21/Modules/FindMPI/test_mpi.c"
C:/Program Files/JetBrains/CLion 2021.3.3/bin/cmake/win/share/cmake-3.21/Modules/FindMPI/test_mpi.c:1:10: fatal error: mpi.h: No such file or directory
    1 | #include <mpi.h>
      |          ^~~~~~~
compilation terminated.
ninja: build stopped: subcommand failed.



The MPI test test_mpi for CXX in mode normal failed to compile with the following output:
Change Dir: C:/Users/Maksim/CLionProjects/lab1/cmake-build-debug/CMakeFiles/CMakeTmp

Run Build Command(s):C:/PROGRA~1/JETBRA~1/CLION2~1.3/bin/ninja/win/ninja.exe cmTC_e033d && [1/2] Building CXX object CMakeFiles/cmTC_e033d.dir/test_mpi.cpp.obj
[31mFAILED: [0mCMakeFiles/cmTC_e033d.dir/test_mpi.cpp.obj 
C:\PROGRA~1\JETBRA~1\CLION2~1.3\bin\mingw\bin\G__~1.EXE   -std=gnu++14 -o CMakeFiles/cmTC_e033d.dir/test_mpi.cpp.obj -c C:/Users/Maksim/CLionProjects/lab1/cmake-build-debug/CMakeFiles/FindMPI/test_mpi.cpp
C:/Users/Maksim/CLionProjects/lab1/cmake-build-debug/CMakeFiles/FindMPI/test_mpi.cpp:1:10: fatal error: mpi.h: No such file or directory
    1 | #include <mpi.h>
      |          ^~~~~~~
compilation terminated.
ninja: build stopped: subcommand failed.



The MPI test test_mpi for C in mode normal failed to compile with the following output:
Change Dir: C:/Users/Maksim/CLionProjects/lab1/cmake-build-debug/CMakeFiles/CMakeTmp

Run Build Command(s):C:/PROGRA~1/JETBRA~1/CLION2~1.3/bin/ninja/win/ninja.exe cmTC_4a123 && [1/2] Building C object CMakeFiles/cmTC_4a123.dir/test_mpi.c.obj
[31mFAILED: [0mCMakeFiles/cmTC_4a123.dir/test_mpi.c.obj 
C:\PROGRA~1\JETBRA~1\CLION2~1.3\bin\mingw\bin\gcc.exe    -o CMakeFiles/cmTC_4a123.dir/test_mpi.c.obj -c "C:/Program Files/JetBrains/CLion 2021.3.3/bin/cmake/win/share/cmake-3.21/Modules/FindMPI/test_mpi.c"
C:/Program Files/JetBrains/CLion 2021.3.3/bin/cmake/win/share/cmake-3.21/Modules/FindMPI/test_mpi.c:1:10: fatal error: mpi.h: No such file or directory
    1 | #include <mpi.h>
      |          ^~~~~~~
compilation terminated.
ninja: build stopped: subcommand failed.



The MPI test test_mpi for CXX in mode normal failed to compile with the following output:
Change Dir: C:/Users/Maksim/CLionProjects/lab1/cmake-build-debug/CMakeFiles/CMakeTmp

Run Build Command(s):C:/PROGRA~1/JETBRA~1/CLION2~1.3/bin/ninja/win/ninja.exe cmTC_d5892 && [1/2] Building CXX object CMakeFiles/cmTC_d5892.dir/test_mpi.cpp.obj
[31mFAILED: [0mCMakeFiles/cmTC_d5892.dir/test_mpi.cpp.obj 
C:\PROGRA~1\JETBRA~1\CLION2~1.3\bin\mingw\bin\G__~1.EXE   -std=gnu++14 -o CMakeFiles/cmTC_d5892.dir/test_mpi.cpp.obj -c C:/Users/Maksim/CLionProjects/lab1/cmake-build-debug/CMakeFiles/FindMPI/test_mpi.cpp
C:/Users/Maksim/CLionProjects/lab1/cmake-build-debug/CMakeFiles/FindMPI/test_mpi.cpp:1:10: fatal error: mpi.h: No such file or directory
    1 | #include <mpi.h>
      |          ^~~~~~~
compilation terminated.
ninja: build stopped: subcommand failed.



The MPI test test_mpi for C in mode normal failed to compile with the following output:
Change Dir: C:/Users/Maksim/CLionProjects/lab1/cmake-build-debug/CMakeFiles/CMakeTmp

Run Build Command(s):C:/Program Files/JetBrains/CLion 2021.3.3/bin/ninja/win/ninja.exe cmTC_62f79 && [1/2] Building C object CMakeFiles/cmTC_62f79.dir/test_mpi.c.obj
FAILED: CMakeFiles/cmTC_62f79.dir/test_mpi.c.obj 
C:\PROGRA~1\JETBRA~1\CLION2~1.3\bin\mingw\bin\gcc.exe    -o CMakeFiles/cmTC_62f79.dir/test_mpi.c.obj -c "C:/Program Files/JetBrains/CLion 2021.3.3/bin/cmake/win/share/cmake-3.21/Modules/FindMPI/test_mpi.c"
C:/Program Files/JetBrains/CLion 2021.3.3/bin/cmake/win/share/cmake-3.21/Modules/FindMPI/test_mpi.c:1:10: fatal error: mpi.h: No such file or directory
    1 | #include <mpi.h>
      |          ^~~~~~~
compilation terminated.
ninja: build stopped: subcommand failed.



The MPI test test_mpi for CXX in mode normal failed to compile with the following output:
Change Dir: C:/Users/Maksim/CLionProjects/lab1/cmake-build-debug/CMakeFiles/CMakeTmp

Run Build Command(s):C:/Program Files/JetBrains/CLion 2021.3.3/bin/ninja/win/ninja.exe cmTC_1707d && [1/2] Building CXX object CMakeFiles/cmTC_1707d.dir/test_mpi.cpp.obj
FAILED: CMakeFiles/cmTC_1707d.dir/test_mpi.cpp.obj 
C:\PROGRA~1\JETBRA~1\CLION2~1.3\bin\mingw\bin\G__~1.EXE   -std=gnu++14 -o CMakeFiles/cmTC_1707d.dir/test_mpi.cpp.obj -c C:/Users/Maksim/CLionProjects/lab1/cmake-build-debug/CMakeFiles/FindMPI/test_mpi.cpp
C:/Users/Maksim/CLionProjects/lab1/cmake-build-debug/CMakeFiles/FindMPI/test_mpi.cpp:1:10: fatal error: mpi.h: No such file or directory
    1 | #include <mpi.h>
      |          ^~~~~~~
compilation terminated.
ninja: build stopped: subcommand failed.



The MPI test test_mpi for C in mode normal failed to compile with the following output:
Change Dir: C:/Users/Maksim/CLionProjects/lab1/cmake-build-debug/CMakeFiles/CMakeTmp

Run Build Command(s):C:/PROGRA~1/JETBRA~1/CLION2~1.3/bin/ninja/win/ninja.exe cmTC_a1523 && [1/2] Building C object CMakeFiles/cmTC_a1523.dir/test_mpi.c.obj
[31mFAILED: [0mCMakeFiles/cmTC_a1523.dir/test_mpi.c.obj 
C:\PROGRA~1\JETBRA~1\CLION2~1.3\bin\mingw\bin\gcc.exe    -o CMakeFiles/cmTC_a1523.dir/test_mpi.c.obj -c "C:/Program Files/JetBrains/CLion 2021.3.3/bin/cmake/win/share/cmake-3.21/Modules/FindMPI/test_mpi.c"
C:/Program Files/JetBrains/CLion 2021.3.3/bin/cmake/win/share/cmake-3.21/Modules/FindMPI/test_mpi.c:1:10: fatal error: mpi.h: No such file or directory
    1 | #include <mpi.h>
      |          ^~~~~~~
compilation terminated.
ninja: build stopped: subcommand failed.



The MPI test test_mpi for CXX in mode normal failed to compile with the following output:
Change Dir: C:/Users/Maksim/CLionProjects/lab1/cmake-build-debug/CMakeFiles/CMakeTmp

Run Build Command(s):C:/PROGRA~1/JETBRA~1/CLION2~1.3/bin/ninja/win/ninja.exe cmTC_cdd8b && [1/2] Building CXX object CMakeFiles/cmTC_cdd8b.dir/test_mpi.cpp.obj
[31mFAILED: [0mCMakeFiles/cmTC_cdd8b.dir/test_mpi.cpp.obj 
C:\PROGRA~1\JETBRA~1\CLION2~1.3\bin\mingw\bin\G__~1.EXE   -std=gnu++14 -o CMakeFiles/cmTC_cdd8b.dir/test_mpi.cpp.obj -c C:/Users/Maksim/CLionProjects/lab1/cmake-build-debug/CMakeFiles/FindMPI/test_mpi.cpp
C:/Users/Maksim/CLionProjects/lab1/cmake-build-debug/CMakeFiles/FindMPI/test_mpi.cpp:1:10: fatal error: mpi.h: No such file or directory
    1 | #include <mpi.h>
      |          ^~~~~~~
compilation terminated.
ninja: build stopped: subcommand failed.



The MPI test test_mpi for C in mode normal failed to compile with the following output:
Change Dir: C:/Users/Maksim/CLionProjects/lab1/cmake-build-debug/CMakeFiles/CMakeTmp

Run Build Command(s):C:/Program Files/JetBrains/CLion 2021.3.3/bin/ninja/win/ninja.exe cmTC_a8430 && [1/2] Building C object CMakeFiles/cmTC_a8430.dir/test_mpi.c.obj
FAILED: CMakeFiles/cmTC_a8430.dir/test_mpi.c.obj 
C:\PROGRA~1\JETBRA~1\CLION2~1.3\bin\mingw\bin\gcc.exe    -o CMakeFiles/cmTC_a8430.dir/test_mpi.c.obj -c "C:/Program Files/JetBrains/CLion 2021.3.3/bin/cmake/win/share/cmake-3.21/Modules/FindMPI/test_mpi.c"
C:/Program Files/JetBrains/CLion 2021.3.3/bin/cmake/win/share/cmake-3.21/Modules/FindMPI/test_mpi.c:1:10: fatal error: mpi.h: No such file or directory
    1 | #include <mpi.h>
      |          ^~~~~~~
compilation terminated.
ninja: build stopped: subcommand failed.



The MPI test test_mpi for CXX in mode normal failed to compile with the following output:
Change Dir: C:/Users/Maksim/CLionProjects/lab1/cmake-build-debug/CMakeFiles/CMakeTmp

Run Build Command(s):C:/Program Files/JetBrains/CLion 2021.3.3/bin/ninja/win/ninja.exe cmTC_2e64c && [1/2] Building CXX object CMakeFiles/cmTC_2e64c.dir/test_mpi.cpp.obj
FAILED: CMakeFiles/cmTC_2e64c.dir/test_mpi.cpp.obj 
C:\PROGRA~1\JETBRA~1\CLION2~1.3\bin\mingw\bin\G__~1.EXE   -std=gnu++14 -o CMakeFiles/cmTC_2e64c.dir/test_mpi.cpp.obj -c C:/Users/Maksim/CLionProjects/lab1/cmake-build-debug/CMakeFiles/FindMPI/test_mpi.cpp
C:/Users/Maksim/CLionProjects/lab1/cmake-build-debug/CMakeFiles/FindMPI/test_mpi.cpp:1:10: fatal error: mpi.h: No such file or directory
    1 | #include <mpi.h>
      |          ^~~~~~~
compilation terminated.
ninja: build stopped: subcommand failed.



