The MPI test test_mpi for C in mode normal failed to compile with the following output:
Change Dir: C:/Users/Maksim/CLionProjects/lab1/cmake-build-release/CMakeFiles/CMakeTmp

Run Build Command(s):C:/Program Files/JetBrains/CLion 2021.3.3/bin/ninja/win/ninja.exe cmTC_d84b9 && [1/2] Building C object CMakeFiles/cmTC_d84b9.dir/test_mpi.c.obj
FAILED: CMakeFiles/cmTC_d84b9.dir/test_mpi.c.obj 
C:\PROGRA~1\JETBRA~1\CLION2~1.3\bin\mingw\bin\gcc.exe    -o CMakeFiles/cmTC_d84b9.dir/test_mpi.c.obj -c "C:/Program Files/JetBrains/CLion 2021.3.3/bin/cmake/win/share/cmake-3.21/Modules/FindMPI/test_mpi.c"
C:/Program Files/JetBrains/CLion 2021.3.3/bin/cmake/win/share/cmake-3.21/Modules/FindMPI/test_mpi.c:1:10: fatal error: mpi.h: No such file or directory
    1 | #include <mpi.h>
      |          ^~~~~~~
compilation terminated.
ninja: build stopped: subcommand failed.



The MPI test test_mpi for CXX in mode normal failed to compile with the following output:
Change Dir: C:/Users/Maksim/CLionProjects/lab1/cmake-build-release/CMakeFiles/CMakeTmp

Run Build Command(s):C:/Program Files/JetBrains/CLion 2021.3.3/bin/ninja/win/ninja.exe cmTC_8fcba && [1/2] Building CXX object CMakeFiles/cmTC_8fcba.dir/test_mpi.cpp.obj
FAILED: CMakeFiles/cmTC_8fcba.dir/test_mpi.cpp.obj 
C:\PROGRA~1\JETBRA~1\CLION2~1.3\bin\mingw\bin\G__~1.EXE   -std=gnu++14 -o CMakeFiles/cmTC_8fcba.dir/test_mpi.cpp.obj -c C:/Users/Maksim/CLionProjects/lab1/cmake-build-release/CMakeFiles/FindMPI/test_mpi.cpp
C:/Users/Maksim/CLionProjects/lab1/cmake-build-release/CMakeFiles/FindMPI/test_mpi.cpp:1:10: fatal error: mpi.h: No such file or directory
    1 | #include <mpi.h>
      |          ^~~~~~~
compilation terminated.
ninja: build stopped: subcommand failed.



